2020-12-21 09:23:00.952 [main] DEBUG com.o2o.dao.LocalAuthDao.queryLocalByUserId - ==>  Preparing: SELECT l.local_auth_id, l.username, l.password, l.create_time, l.last_edit_time, p.user_id, p.name, p.gender, p.email, p.profile_img, p.user_type, p.create_time, p.last_edit_time, p.enable_status FROM tb_local_auth l LEFT JOIN tb_person_info p ON l.user_id = p.user_id WHERE p.user_id = ? 
2020-12-21 09:23:00.981 [main] DEBUG com.o2o.dao.LocalAuthDao.queryLocalByUserId - ==> Parameters: 1(Long)
2020-12-21 09:23:01.035 [main] DEBUG com.o2o.dao.LocalAuthDao.queryLocalByUserId - <==      Total: 0
2020-12-21 09:23:01.041 [main] DEBUG com.o2o.dao.LocalAuthDao.insertLocalAuth - ==>  Preparing: INSERT INTO tb_local_auth(username,password,user_id,create_time,last_edit_time) VALUES (?,?,?,?,?) 
2020-12-21 09:23:01.052 [main] DEBUG com.o2o.dao.LocalAuthDao.insertLocalAuth - ==> Parameters: testusername(String), s06l5bl5s05602ly2syls6556q56sb6e(String), 1(Long), 2020-12-21 09:23:01.039(Timestamp), 2020-12-21 09:23:01.039(Timestamp)
2020-12-21 09:23:01.117 [main] DEBUG com.o2o.dao.LocalAuthDao.insertLocalAuth - <==    Updates: 1
2020-12-21 09:23:01.229 [main] DEBUG com.o2o.dao.LocalAuthDao.queryLocalByUserId - ==>  Preparing: SELECT l.local_auth_id, l.username, l.password, l.create_time, l.last_edit_time, p.user_id, p.name, p.gender, p.email, p.profile_img, p.user_type, p.create_time, p.last_edit_time, p.enable_status FROM tb_local_auth l LEFT JOIN tb_person_info p ON l.user_id = p.user_id WHERE p.user_id = ? 
2020-12-21 09:23:01.230 [main] DEBUG com.o2o.dao.LocalAuthDao.queryLocalByUserId - ==> Parameters: 1(Long)
2020-12-21 09:23:01.263 [main] DEBUG com.o2o.dao.LocalAuthDao.queryLocalByUserId - <==      Total: 1
2020-12-21 09:23:21.617 [main] DEBUG com.o2o.dao.LocalAuthDao.updateLocalAuth - ==>  Preparing: update tb_local_auth SET password=?, last_edit_time=? where user_id=? AND username=? AND password=? 
2020-12-21 09:23:21.644 [main] DEBUG com.o2o.dao.LocalAuthDao.updateLocalAuth - ==> Parameters: 6559sq606y6l92e9ss5qsqb5q92e566b(String), 2020-12-21 09:23:21.578(Timestamp), 1(Long), testusername(String), s06l5bl5s05602ly2syls6556q56sb6e(String)
2020-12-21 09:23:21.706 [main] DEBUG com.o2o.dao.LocalAuthDao.updateLocalAuth - <==    Updates: 1
2020-12-21 09:23:21.801 [main] DEBUG c.o2o.dao.LocalAuthDao.queryLocalByUserNameAndPwd - ==>  Preparing: SELECT l.local_auth_id, l.username, l.password, l.create_time, l.last_edit_time, p.user_id, p.name, p.gender, p.email, p.profile_img, p.user_type, p.create_time, p.last_edit_time, p.enable_status FROM tb_local_auth l LEFT JOIN tb_person_info p ON l.user_id = p.user_id WHERE l.username = ? AND l.password = ? 
2020-12-21 09:23:21.801 [main] DEBUG c.o2o.dao.LocalAuthDao.queryLocalByUserNameAndPwd - ==> Parameters: testusername(String), 6559sq606y6l92e9ss5qsqb5q92e566b(String)
2020-12-21 09:23:21.855 [main] DEBUG c.o2o.dao.LocalAuthDao.queryLocalByUserNameAndPwd - <==      Total: 1
2020-12-21 18:24:38.927 [main] DEBUG com.o2o.dao.LocalAuthDao.queryLocalByUserId - ==>  Preparing: SELECT l.local_auth_id, l.username, l.password, l.create_time, l.last_edit_time, p.user_id, p.name, p.gender, p.email, p.profile_img, p.user_type, p.create_time, p.last_edit_time, p.enable_status FROM tb_local_auth l LEFT JOIN tb_person_info p ON l.user_id = p.user_id WHERE p.user_id = ? 
2020-12-21 18:24:38.949 [main] DEBUG com.o2o.dao.LocalAuthDao.queryLocalByUserId - ==> Parameters: 1(Long)
2020-12-21 18:24:39.025 [main] DEBUG com.o2o.dao.LocalAuthDao.queryLocalByUserId - <==      Total: 1
2020-12-21 18:25:00.803 [main] DEBUG com.o2o.dao.LocalAuthDao.queryLocalByUserId - ==>  Preparing: SELECT l.local_auth_id, l.username, l.password, l.create_time, l.last_edit_time, p.user_id, p.name, p.gender, p.email, p.profile_img, p.user_type, p.create_time, p.last_edit_time, p.enable_status FROM tb_local_auth l LEFT JOIN tb_person_info p ON l.user_id = p.user_id WHERE p.user_id = ? 
2020-12-21 18:25:00.823 [main] DEBUG com.o2o.dao.LocalAuthDao.queryLocalByUserId - ==> Parameters: 1(Long)
2020-12-21 18:25:00.878 [main] DEBUG com.o2o.dao.LocalAuthDao.queryLocalByUserId - <==      Total: 1
